<?xml version =	'1.0' encoding = 'ISO-8859-1'?>
<!-- Utilisation -->
<config>
	<!-- Aspects declaration -->
	<module name="aspects" >
		<aspect class="io.vertigo.dynamo.impl.transaction.VTransactionAspect"/>
	</module>
	
	<module name="dao" api="false">
		<component class="io.vertigo.struts2.dao.movies.MovieDAO"/>
	    
	</module>
	
	<module name="services">
		<component api="MovieServices" class="io.vertigo.struts2.services.movies.MovieServicesImpl"/>	
		<component api="UserServices" class="io.vertigo.struts2.services.users.UserServicesImpl"/>
	</module>
	
 </config>